<?xml version="1.0" encoding="UTF-8"?>
<testng-results ignored="0" total="1" passed="1" failed="0" skipped="0">
  <reporter-output>
  </reporter-output>
  <suite started-at="2021-04-08T01:45:51 ICT" name="Default suite" finished-at="2021-04-08T01:45:53 ICT" duration-ms="2529">
    <groups>
    </groups>
    <test started-at="2021-04-08T01:45:51 ICT" name="Default test" finished-at="2021-04-08T01:45:53 ICT" duration-ms="2529">
      <class name="seleniumwebdriver.TestImplementation">
        <test-method is-config="true" signature="setup()[pri:0, instance:seleniumwebdriver.TestImplementation@5bfa9431]" started-at="2021-04-08T01:45:51 ICT" name="setup" finished-at="2021-04-08T01:45:53 ICT" duration-ms="2186" status="PASS">
          <reporter-output>
          </reporter-output>
        </test-method> <!-- setup -->
        <test-method signature="testNumberOfProduct()[pri:0, instance:seleniumwebdriver.TestImplementation@5bfa9431]" started-at="2021-04-08T01:45:53 ICT" name="testNumberOfProduct" finished-at="2021-04-08T01:45:53 ICT" duration-ms="274" status="PASS">
          <reporter-output>
          </reporter-output>
        </test-method> <!-- testNumberOfProduct -->
        <test-method is-config="true" signature="clean()[pri:0, instance:seleniumwebdriver.TestImplementation@5bfa9431]" started-at="2021-04-08T01:45:53 ICT" name="clean" finished-at="2021-04-08T01:45:53 ICT" duration-ms="45" status="PASS">
          <reporter-output>
          </reporter-output>
        </test-method> <!-- clean -->
      </class> <!-- seleniumwebdriver.TestImplementation -->
    </test> <!-- Default test -->
  </suite> <!-- Default suite -->
</testng-results>
